CD-Inspector Version: 2. 0. 1. 4  Logfile

Start:   11/04/2014   14:07

Date    Time    File                                              Status      Comment                               
--------------------------------------------------------------------------------------------------------------------
CD-Inspector Version: 2. 0. 1. 4  Logfile

Start:   11/04/2014   14:08

Date    Time    File                                              Status      Comment                               
--------------------------------------------------------------------------------------------------------------------
11/04   14:56   100                                               ok          
11/04   14:57   099                                               ok          
11/04   14:59   098                                               000 Prio1, 000 Prio2, 000 Prio3, 000 Prio4, 002 Prio5
11/04   14:59   097                                               ok          
11/04   15:02   096                                               ok          
11/04   15:03   095                                               ok          
11/04   15:05   094                                               ok          
11/04   15:06   093                                               001 Prio1, 000 Prio2, 000 Prio3, 000 Prio4, 000 Prio5
11/04   15:07   092                                               ok          
11/04   15:09   090                                               ok          
11/04   15:10   091                                               ok          
11/04   15:11   089                                               ok          
11/04   15:13   088                                               ok          
11/04   15:14   087-5706274003758                                 ok          
11/04   15:16   086                                               ok          
11/04   15:17   085                                               ok          
11/04   15:18   084                                               ok          
11/04   15:18   082                                               ok          
11/04   15:20   083-0602537371587                                 ok          
11/04   15:22   081                                               ok          
11/04   15:22   080                                               ok          
11/04   15:24   079                                               ok          
11/04   15:25   078-5706725101316                                 ok          
11/04   15:27   077                                               001 Prio1, 000 Prio2, 000 Prio3, 000 Prio4, 000 Prio5
11/04   15:28   076                                               ok          
11/04   15:29   075                                               ok          
11/04   15:31   074                                               ok          
11/04   15:33   073                                               ok          
11/04   15:34   071                                               ok          
11/04   15:35   072                                               ok          
11/04   15:37   070                                               000 Prio1, 000 Prio2, 000 Prio3, 000 Prio4, 002 Prio5
11/04   15:38   069                                               ok          
11/04   15:39   068                                               ok          
11/04   15:40   067                                               ok          
11/04   15:43   066                                               000 Prio1, 000 Prio2, 000 Prio3, 000 Prio4, 007 Prio5
11/04   15:43   065                                               ok          
11/04   15:45   064                                               ok          
11/04   15:47   062                                               ok          
11/04   15:47   063                                               ok          
11/04   15:47   060                                               ok          
11/04   15:49   059                                               005 Prio1, 000 Prio2, 000 Prio3, 000 Prio4, 000 Prio5
11/04   15:51   058                                               ok          
11/04   15:51   061                                               ok          
11/04   15:54   057                                               ok          
11/04   15:54   056                                               000 Prio1, 000 Prio2, 000 Prio3, 000 Prio4, 001 Prio5
11/04   15:58   054                                               ok          
11/04   15:58   055                                               ok          
11/04   16:00   053                                               ok          
11/04   16:02   052                                               ok          
11/04   16:05   051                                               017 Prio1, 000 Prio2, 000 Prio3, 000 Prio4, 000 Prio5
11/04   16:06   050                                               ok          
11/04   16:07   049                                               ok          
11/04   16:09   048                                               ok          
11/04   16:10   047                                               ok          
11/04   16:11   046                                               ok          
11/04   16:12   044                                               ok          
11/04   16:13   045-9788790967482                                 ok          
11/04   16:15   042                                               ok          
11/04   16:16   043                                               ok          
11/04   16:18   041                                               ok          
11/04   16:18   040                                               ok          
11/04   16:20   039                                               ok          
11/04   16:20   038                                               ok          
11/04   16:23   037-5707785003640                                 ok          
11/04   16:24   036                                               ok          
11/04   16:26   035                                               ok          
11/04   16:28   034                                               ok          
11/04   16:29   032                                               ok          
11/04   16:30   033                                               ok          
11/04   16:31   030                                               ok          
11/04   16:32   031                                               ok          
11/04   16:33   029-5700004004220                                 ok          
11/04   16:35   028                                               ok          
11/04   16:35   027                                               ok          
11/04   16:36   025                                               ok          
11/04   16:37   026                                               ok          
11/04   16:39   024                                               ok          
11/04   16:41   023                                               ok          
11/04   16:41   022                                               ok          
11/04   16:44   021                                               ok          
11/04   16:44   020-5707471019405                                 001 Prio1, 000 Prio2, 000 Prio3, 000 Prio4, 000 Prio5
11/04   16:46   019                                               000 Prio1, 000 Prio2, 000 Prio3, 000 Prio4, 004 Prio5
11/04   16:48   018                                               ok          
11/04   16:48   017                                               ok          
11/04   16:51   015                                               ok          
11/04   16:51   016                                               ok          
11/04   16:54   013                                               ok          
11/04   16:55   014                                               ok          
11/04   16:58   011                                               ok          
11/04   16:58   012                                               ok          
11/04   17:01   102                                               ok          
11/04   17:01   101                                               ok          
11/04   17:05   104                                               ok          
11/04   17:05   103-5707471015001                                 ok          
11/04   17:06   106                                               ok          
11/04   17:07   105                                               ok          
11/04   17:08   107                                               ok          
11/04   17:09   108                                               ok          
11/04   17:09   109                                               ok          
11/04   17:12   111                                               ok          
11/04   17:13   110                                               ok          
11/04   17:16   112                                               ok          
11/04   17:18   113                                               ok          
11/04   17:19   114                                               ok          
11/04   17:21   115                                               ok          
11/04   17:22   116                                               000 Prio1, 000 Prio2, 000 Prio3, 000 Prio4, 004 Prio5
11/04   17:24   117                                               ok          
11/04   17:25   118                                               ok          
11/04   17:27   119                                               000 Prio1, 000 Prio2, 000 Prio3, 000 Prio4, 006 Prio5
11/04   17:28   120                                               ok          
11/04   17:29   121                                               ok          
11/04   17:31   122                                               ok          
11/04   17:32   123                                               ok          
11/04   17:35   124                                               ok          
11/04   17:36   125                                               ok          
11/04   17:38   126-5706725101309                                 003 Prio1, 000 Prio2, 000 Prio3, 000 Prio4, 000 Prio5
11/04   17:39   127                                               ok          
11/04   17:41   129                                               ok          
11/04   17:42   128                                               ok          
11/04   17:44   131                                               ok          
11/04   17:45   130                                               ok          
11/04   17:47   132                                               ok          
11/04   17:48   133                                               ok          
11/04   17:51   134-5707471027622                                 000 Prio1, 000 Prio2, 000 Prio3, 000 Prio4, 009 Prio5
11/04   17:52   135-5707471027622                                 000 Prio1, 000 Prio2, 000 Prio3, 000 Prio4, 011 Prio5
11/04   17:55   136-0888837421720                                 ok          
11/04   17:56   137                                               ok          
11/04   17:58   138-0888837433228                                 ok          
11/04   17:59   139                                               ok          
11/04   18:00   140                                               ok          
11/04   18:02   141                                               ok          
11/04   18:04   142                                               ok          
11/04   18:05   143                                               ok          
11/04   18:06   145                                               001 Prio1, 000 Prio2, 000 Prio3, 000 Prio4, 000 Prio5
11/04   18:07   144                                               ok          
--------------------------------------------------------------------------------------------------------------------

Stop:   11/05/2014   14:09
